<html>
<head>
<title>TestNG:  Test</title>
<link href="../testng.css" rel="stylesheet" type="text/css" />
<link href="../my-testng.css" rel="stylesheet" type="text/css" />

<style type="text/css">
.log { display: none;} 
.stack-trace { display: none;} 
</style>
<script type="text/javascript">
<!--
function flip(e) {
  current = e.style.display;
  if (current == 'block') {
    e.style.display = 'none';
    return 0;
  }
  else {
    e.style.display = 'block';
    return 1;
  }
}

function toggleBox(szDivId, elem, msg1, msg2)
{
  var res = -1;  if (document.getElementById) {
    res = flip(document.getElementById(szDivId));
  }
  else if (document.all) {
    // this is the way old msie versions work
    res = flip(document.all[szDivId]);
  }
  if(elem) {
    if(res == 0) elem.innerHTML = msg1; else elem.innerHTML = msg2;
  }

}

function toggleAllBoxes() {
  if (document.getElementsByTagName) {
    d = document.getElementsByTagName('div');
    for (i = 0; i < d.length; i++) {
      if (d[i].className == 'log') {
        flip(d[i]);
      }
    }
  }
}

// -->
</script>

</head>
<body>
<h2 align='center'>Test</h2><table border='1' align="center">
<tr>
<td>Tests passed/Failed/Skipped:</td><td>5/1/8</td>
</tr><tr>
<td>Started on:</td><td>Sat May 16 19:21:52 IST 2015</td>
</tr>
<tr><td>Total time:</td><td>873 seconds (873358 ms)</td>
</tr><tr>
<td>Included groups:</td><td></td>
</tr><tr>
<td>Excluded groups:</td><td></td>
</tr>
</table><p/>
<small><i>(Hover the method name to see the test class name)</i></small><p/>
<table width='100%' border='1' class='invocation-failed'>
<tr><td colspan='4' align='center'><b>FAILED CONFIGURATIONS</b></td></tr>
<tr><td><b>Test method</b></td>
<td width="30%"><b>Exception</b></td>
<td width="10%"><b>Time (seconds)</b></td>
<td><b>Instance</b></td>
</tr>
<tr>
<td title='com.crm.MarketingandsalesTest.OrganizationTest.Login()'><b>Login</b><br>Test class: com.crm.MarketingandsalesTest.OrganizationTest</td>
<td><div><pre>org.openqa.selenium.WebDriverException: Session not found: 320e82b1-eff1-47e0-9b82-431b454194f2
Command duration or timeout: 110 milliseconds
Build info: version: &apos;2.45.0&apos;, revision: &apos;32a636c&apos;, time: &apos;2015-03-05 22:01:35&apos;
System info: host: &apos;ANKIT-PC&apos;, ip: &apos;10.0.0.12&apos;, os.name: &apos;Windows 7&apos;, os.arch: &apos;x86&apos;, os.version: &apos;6.1&apos;, java.version: &apos;1.8.0_40&apos;
Driver info: org.openqa.selenium.firefox.FirefoxDriver
Capabilities [{applicationCacheEnabled=true, rotatable=false, handlesAlerts=true, databaseEnabled=true, version=31.0, platform=WINDOWS, nativeEvents=true, acceptSslCerts=true, webStorageEnabled=true, locationContextEnabled=true, browserName=firefox, takesScreenshot=true, javascriptEnabled=true, cssSelectorsEnabled=true}]
Session ID: 320e82b1-eff1-47e0-9b82-431b454194f2
*** Element info: {Using=id, value=username}
	at org.openqa.selenium.remote.ErrorHandler.createThrowable(ErrorHandler.java:204)
	at org.openqa.selenium.remote.ErrorHandler.throwIfResponseFailed(ErrorHandler.java:156)
	at org.openqa.selenium.remote.RemoteWebDriver.execute(RemoteWebDriver.java:599)
	at org.openqa.selenium.remote.RemoteWebDriver.findElement(RemoteWebDriver.java:352)
	at org.openqa.selenium.remote.RemoteWebDriver.findElementById(RemoteWebDriver.java:393)
	at org.openqa.selenium.By$ById.findElement(By.java:214)
	at org.openqa.selenium.remote.RemoteWebDriver.findElement(RemoteWebDriver.java:344)
	at org.openqa.selenium.support.pagefactory.DefaultElementLocator.findElement(DefaultElementLocator.java:59)
	at org.openqa.selenium.support.pagefactory.internal.LocatingElementHandler.invoke(LocatingElementHandler.java:37)
	at com.sun.proxy.$Proxy8.sendKeys(Unknown Source)
	at com.crm.BusinessLib.CommonLib.LogIn(CommonLib.java:20)
	at com.crm.MarketingandsalesTest.OrganizationTest.Login(OrganizationTest.java:54)
Caused by: org.openqa.selenium.WebDriverException: Session not found: 320e82b1-eff1-47e0-9b82-431b454194f2
Build info: version: &apos;2.45.0&apos;, revision: &apos;32a636c&apos;, time: &apos;2015-03-05 22:01:35&apos;
System info: host: &apos;ANKIT-PC&apos;, ip: &apos;10.0.0.12&apos;, os.name: &apos;Windows 7&apos;, os.arch: &apos;x86&apos;, os.version: &apos;6.1&apos;, java.version: &apos;1.8.0_40&apos;
Driver info: driver.version: unknown
	at &lt;anonymous class&gt;.nsCommandProcessor.prototype.execute(file:///C:/Users/ANKIT/AppData/Local/Temp/anonymous6280217468719699719webdriver-profile/extensions/fxdriver@googlecode.com/components/command-processor.js:12318)
	at &lt;anonymous class&gt;.Dispatcher.executeAs/&lt;(file:///C:/Users/ANKIT/AppData/Local/Temp/anonymous6280217468719699719webdriver-profile/extensions/fxdriver@googlecode.com/components/driver-component.js:9061)
	at &lt;anonymous class&gt;.Resource.prototype.handle(file:///C:/Users/ANKIT/AppData/Local/Temp/anonymous6280217468719699719webdriver-profile/extensions/fxdriver@googlecode.com/components/driver-component.js:9208)
	at &lt;anonymous class&gt;.Dispatcher.prototype.dispatch(file:///C:/Users/ANKIT/AppData/Local/Temp/anonymous6280217468719699719webdriver-profile/extensions/fxdriver@googlecode.com/components/driver-component.js:9155)
	at &lt;anonymous class&gt;.WebDriverServer/&lt;.handle(file:///C:/Users/ANKIT/AppData/Local/Temp/anonymous6280217468719699719webdriver-profile/extensions/fxdriver@googlecode.com/components/driver-component.js:12128)
	at &lt;anonymous class&gt;.createHandlerFunc/&lt;(file:///C:/Users/ANKIT/AppData/Local/Temp/anonymous6280217468719699719webdriver-profile/extensions/fxdriver@googlecode.com/components/httpd.js:2058)
	at &lt;anonymous class&gt;.ServerHandler.prototype.handleResponse(file:///C:/Users/ANKIT/AppData/Local/Temp/anonymous6280217468719699719webdriver-profile/extensions/fxdriver@googlecode.com/components/httpd.js:2391)
	at &lt;anonymous class&gt;.Connection.prototype.process(file:///C:/Users/ANKIT/AppData/Local/Temp/anonymous6280217468719699719webdriver-profile/extensions/fxdriver@googlecode.com/components/httpd.js:1227)
	at &lt;anonymous class&gt;.RequestReader.prototype._handleResponse(file:///C:/Users/ANKIT/AppData/Local/Temp/anonymous6280217468719699719webdriver-profile/extensions/fxdriver@googlecode.com/components/httpd.js:1681)
	at &lt;anonymous class&gt;.RequestReader.prototype._processBody(file:///C:/Users/ANKIT/AppData/Local/Temp/anonymous6280217468719699719webdriver-profile/extensions/fxdriver@googlecode.com/components/httpd.js:1529)
	at &lt;anonymous class&gt;.RequestReader.prototype.onInputStreamReady(file:///C:/Users/ANKIT/AppData/Local/Temp/anonymous6280217468719699719webdriver-profile/extensions/fxdriver@googlecode.com/components/httpd.js:1397)
... Removed 30 stack frames</pre></div><a href='#' onClick='toggleBox("stack-trace25132499", this, "Click to show all stack frames", "Click to hide stack frames")'>Click to show all stack frames</a>
<div class='stack-trace' id='stack-trace25132499'><pre>org.openqa.selenium.WebDriverException: Session not found: 320e82b1-eff1-47e0-9b82-431b454194f2
Command duration or timeout: 110 milliseconds
Build info: version: &apos;2.45.0&apos;, revision: &apos;32a636c&apos;, time: &apos;2015-03-05 22:01:35&apos;
System info: host: &apos;ANKIT-PC&apos;, ip: &apos;10.0.0.12&apos;, os.name: &apos;Windows 7&apos;, os.arch: &apos;x86&apos;, os.version: &apos;6.1&apos;, java.version: &apos;1.8.0_40&apos;
Driver info: org.openqa.selenium.firefox.FirefoxDriver
Capabilities [{applicationCacheEnabled=true, rotatable=false, handlesAlerts=true, databaseEnabled=true, version=31.0, platform=WINDOWS, nativeEvents=true, acceptSslCerts=true, webStorageEnabled=true, locationContextEnabled=true, browserName=firefox, takesScreenshot=true, javascriptEnabled=true, cssSelectorsEnabled=true}]
Session ID: 320e82b1-eff1-47e0-9b82-431b454194f2
*** Element info: {Using=id, value=username}
	at sun.reflect.NativeConstructorAccessorImpl.newInstance0(Native Method)
	at sun.reflect.NativeConstructorAccessorImpl.newInstance(Unknown Source)
	at sun.reflect.DelegatingConstructorAccessorImpl.newInstance(Unknown Source)
	at java.lang.reflect.Constructor.newInstance(Unknown Source)
	at org.openqa.selenium.remote.ErrorHandler.createThrowable(ErrorHandler.java:204)
	at org.openqa.selenium.remote.ErrorHandler.throwIfResponseFailed(ErrorHandler.java:156)
	at org.openqa.selenium.remote.RemoteWebDriver.execute(RemoteWebDriver.java:599)
	at org.openqa.selenium.remote.RemoteWebDriver.findElement(RemoteWebDriver.java:352)
	at org.openqa.selenium.remote.RemoteWebDriver.findElementById(RemoteWebDriver.java:393)
	at org.openqa.selenium.By$ById.findElement(By.java:214)
	at org.openqa.selenium.remote.RemoteWebDriver.findElement(RemoteWebDriver.java:344)
	at org.openqa.selenium.support.pagefactory.DefaultElementLocator.findElement(DefaultElementLocator.java:59)
	at org.openqa.selenium.support.pagefactory.internal.LocatingElementHandler.invoke(LocatingElementHandler.java:37)
	at com.sun.proxy.$Proxy8.sendKeys(Unknown Source)
	at com.crm.BusinessLib.CommonLib.LogIn(CommonLib.java:20)
	at com.crm.MarketingandsalesTest.OrganizationTest.Login(OrganizationTest.java:54)
	at sun.reflect.NativeMethodAccessorImpl.invoke0(Native Method)
	at sun.reflect.NativeMethodAccessorImpl.invoke(Unknown Source)
	at sun.reflect.DelegatingMethodAccessorImpl.invoke(Unknown Source)
	at java.lang.reflect.Method.invoke(Unknown Source)
	at org.testng.internal.MethodInvocationHelper.invokeMethod(MethodInvocationHelper.java:84)
	at org.testng.internal.Invoker.invokeConfigurationMethod(Invoker.java:564)
	at org.testng.internal.Invoker.invokeConfigurations(Invoker.java:213)
	at org.testng.internal.Invoker.invokeMethod(Invoker.java:653)
	at org.testng.internal.Invoker.invokeTestMethod(Invoker.java:901)
	at org.testng.internal.Invoker.invokeTestMethods(Invoker.java:1231)
	at org.testng.internal.TestMethodWorker.invokeTestMethods(TestMethodWorker.java:127)
	at org.testng.internal.TestMethodWorker.run(TestMethodWorker.java:111)
	at org.testng.TestRunner.privateRun(TestRunner.java:767)
	at org.testng.TestRunner.run(TestRunner.java:617)
	at org.testng.SuiteRunner.runTest(SuiteRunner.java:334)
	at org.testng.SuiteRunner.runSequentially(SuiteRunner.java:329)
	at org.testng.SuiteRunner.privateRun(SuiteRunner.java:291)
	at org.testng.SuiteRunner.run(SuiteRunner.java:240)
	at org.testng.SuiteRunnerWorker.runSuite(SuiteRunnerWorker.java:52)
	at org.testng.SuiteRunnerWorker.run(SuiteRunnerWorker.java:86)
	at org.testng.TestNG.runSuitesSequentially(TestNG.java:1224)
	at org.testng.TestNG.runSuitesLocally(TestNG.java:1149)
	at org.testng.TestNG.run(TestNG.java:1057)
	at org.testng.remote.RemoteTestNG.run(RemoteTestNG.java:111)
	at org.testng.remote.RemoteTestNG.initAndRun(RemoteTestNG.java:204)
	at org.testng.remote.RemoteTestNG.main(RemoteTestNG.java:175)
Caused by: org.openqa.selenium.WebDriverException: Session not found: 320e82b1-eff1-47e0-9b82-431b454194f2
Build info: version: &apos;2.45.0&apos;, revision: &apos;32a636c&apos;, time: &apos;2015-03-05 22:01:35&apos;
System info: host: &apos;ANKIT-PC&apos;, ip: &apos;10.0.0.12&apos;, os.name: &apos;Windows 7&apos;, os.arch: &apos;x86&apos;, os.version: &apos;6.1&apos;, java.version: &apos;1.8.0_40&apos;
Driver info: driver.version: unknown
	at &lt;anonymous class&gt;.nsCommandProcessor.prototype.execute(file:///C:/Users/ANKIT/AppData/Local/Temp/anonymous6280217468719699719webdriver-profile/extensions/fxdriver@googlecode.com/components/command-processor.js:12318)
	at &lt;anonymous class&gt;.Dispatcher.executeAs/&lt;(file:///C:/Users/ANKIT/AppData/Local/Temp/anonymous6280217468719699719webdriver-profile/extensions/fxdriver@googlecode.com/components/driver-component.js:9061)
	at &lt;anonymous class&gt;.Resource.prototype.handle(file:///C:/Users/ANKIT/AppData/Local/Temp/anonymous6280217468719699719webdriver-profile/extensions/fxdriver@googlecode.com/components/driver-component.js:9208)
	at &lt;anonymous class&gt;.Dispatcher.prototype.dispatch(file:///C:/Users/ANKIT/AppData/Local/Temp/anonymous6280217468719699719webdriver-profile/extensions/fxdriver@googlecode.com/components/driver-component.js:9155)
	at &lt;anonymous class&gt;.WebDriverServer/&lt;.handle(file:///C:/Users/ANKIT/AppData/Local/Temp/anonymous6280217468719699719webdriver-profile/extensions/fxdriver@googlecode.com/components/driver-component.js:12128)
	at &lt;anonymous class&gt;.createHandlerFunc/&lt;(file:///C:/Users/ANKIT/AppData/Local/Temp/anonymous6280217468719699719webdriver-profile/extensions/fxdriver@googlecode.com/components/httpd.js:2058)
	at &lt;anonymous class&gt;.ServerHandler.prototype.handleResponse(file:///C:/Users/ANKIT/AppData/Local/Temp/anonymous6280217468719699719webdriver-profile/extensions/fxdriver@googlecode.com/components/httpd.js:2391)
	at &lt;anonymous class&gt;.Connection.prototype.process(file:///C:/Users/ANKIT/AppData/Local/Temp/anonymous6280217468719699719webdriver-profile/extensions/fxdriver@googlecode.com/components/httpd.js:1227)
	at &lt;anonymous class&gt;.RequestReader.prototype._handleResponse(file:///C:/Users/ANKIT/AppData/Local/Temp/anonymous6280217468719699719webdriver-profile/extensions/fxdriver@googlecode.com/components/httpd.js:1681)
	at &lt;anonymous class&gt;.RequestReader.prototype._processBody(file:///C:/Users/ANKIT/AppData/Local/Temp/anonymous6280217468719699719webdriver-profile/extensions/fxdriver@googlecode.com/components/httpd.js:1529)
	at &lt;anonymous class&gt;.RequestReader.prototype.onInputStreamReady(file:///C:/Users/ANKIT/AppData/Local/Temp/anonymous6280217468719699719webdriver-profile/extensions/fxdriver@googlecode.com/components/httpd.js:1397)
</pre></div></td>
<td>0</td>
<td>com.crm.MarketingandsalesTest.OrganizationTest@1bc7afb</td></tr>
<tr>
<td title='com.crm.MarketingandsalesTest.LeadTest.Login()'><b>Login</b><br>Test class: com.crm.MarketingandsalesTest.LeadTest</td>
<td><div><pre>org.openqa.selenium.remote.UnreachableBrowserException: Error communicating with the remote browser. It may have died.
Build info: version: &apos;2.45.0&apos;, revision: &apos;32a636c&apos;, time: &apos;2015-03-05 22:01:35&apos;
System info: host: &apos;ANKIT-PC&apos;, ip: &apos;10.0.0.12&apos;, os.name: &apos;Windows 7&apos;, os.arch: &apos;x86&apos;, os.version: &apos;6.1&apos;, java.version: &apos;1.8.0_40&apos;
Driver info: driver.version: RemoteWebDriver
	at org.openqa.selenium.remote.RemoteWebDriver.execute(RemoteWebDriver.java:593)
	at org.openqa.selenium.remote.RemoteWebDriver.findElement(RemoteWebDriver.java:352)
	at org.openqa.selenium.remote.RemoteWebDriver.findElementById(RemoteWebDriver.java:393)
	at org.openqa.selenium.By$ById.findElement(By.java:214)
	at org.openqa.selenium.remote.RemoteWebDriver.findElement(RemoteWebDriver.java:344)
	at org.openqa.selenium.support.pagefactory.DefaultElementLocator.findElement(DefaultElementLocator.java:59)
	at org.openqa.selenium.support.pagefactory.internal.LocatingElementHandler.invoke(LocatingElementHandler.java:37)
	at com.sun.proxy.$Proxy8.sendKeys(Unknown Source)
	at com.crm.BusinessLib.CommonLib.LogIn(CommonLib.java:20)
	at com.crm.MarketingandsalesTest.LeadTest.Login(LeadTest.java:56)
Caused by: org.apache.http.conn.HttpHostConnectException: Connect to 127.0.0.1:7056 [/127.0.0.1] failed: Connection refused: connect
	at org.apache.http.impl.conn.HttpClientConnectionOperator.connect(HttpClientConnectionOperator.java:142)
	at org.apache.http.impl.conn.PoolingHttpClientConnectionManager.connect(PoolingHttpClientConnectionManager.java:319)
	at org.apache.http.impl.execchain.MainClientExec.establishRoute(MainClientExec.java:363)
	at org.apache.http.impl.execchain.MainClientExec.execute(MainClientExec.java:219)
	at org.apache.http.impl.execchain.ProtocolExec.execute(ProtocolExec.java:195)
	at org.apache.http.impl.execchain.RetryExec.execute(RetryExec.java:86)
	at org.apache.http.impl.execchain.RedirectExec.execute(RedirectExec.java:108)
	at org.apache.http.impl.client.InternalHttpClient.doExecute(InternalHttpClient.java:184)
	at org.apache.http.impl.client.CloseableHttpClient.execute(CloseableHttpClient.java:72)
	at org.apache.http.impl.client.CloseableHttpClient.execute(CloseableHttpClient.java:57)
	at org.openqa.selenium.remote.internal.ApacheHttpClient.fallBackExecute(ApacheHttpClient.java:126)
	at org.openqa.selenium.remote.internal.ApacheHttpClient.execute(ApacheHttpClient.java:72)
	at org.openqa.selenium.remote.HttpCommandExecutor.execute(HttpCommandExecutor.java:133)
	at org.openqa.selenium.firefox.internal.NewProfileExtensionConnection.execute(NewProfileExtensionConnection.java:165)
	at org.openqa.selenium.firefox.FirefoxDriver$LazyCommandExecutor.execute(FirefoxDriver.java:362)
	at org.openqa.selenium.remote.RemoteWebDriver.execute(RemoteWebDriver.java:572)
	... 35 more
Caused by: java.net.ConnectException: Connection refused: connect
	at java.net.DualStackPlainSocketImpl.waitForConnect(Native Method)
	at java.net.DualStackPlainSocketImpl.socketConnect(Unknown Source)
	at java.net.AbstractPlainSocketImpl.doConnect(Unknown Source)
	at java.net.AbstractPlainSocketImpl.connectToAddress(Unknown Source)
	at java.net.AbstractPlainSocketImpl.connect(Unknown Source)
	at java.net.PlainSocketImpl.connect(Unknown Source)
	at java.net.SocksSocketImpl.connect(Unknown Source)
	at java.net.Socket.connect(Unknown Source)
	at org.apache.http.conn.socket.PlainConnectionSocketFactory.connectSocket(PlainConnectionSocketFactory.java:72)
	at org.apache.http.impl.conn.HttpClientConnectionOperator.connect(HttpClientConnectionOperator.java:125)
	... 50 more
... Removed 26 stack frames</pre></div><a href='#' onClick='toggleBox("stack-trace4058160", this, "Click to show all stack frames", "Click to hide stack frames")'>Click to show all stack frames</a>
<div class='stack-trace' id='stack-trace4058160'><pre>org.openqa.selenium.remote.UnreachableBrowserException: Error communicating with the remote browser. It may have died.
Build info: version: &apos;2.45.0&apos;, revision: &apos;32a636c&apos;, time: &apos;2015-03-05 22:01:35&apos;
System info: host: &apos;ANKIT-PC&apos;, ip: &apos;10.0.0.12&apos;, os.name: &apos;Windows 7&apos;, os.arch: &apos;x86&apos;, os.version: &apos;6.1&apos;, java.version: &apos;1.8.0_40&apos;
Driver info: driver.version: RemoteWebDriver
	at org.openqa.selenium.remote.RemoteWebDriver.execute(RemoteWebDriver.java:593)
	at org.openqa.selenium.remote.RemoteWebDriver.findElement(RemoteWebDriver.java:352)
	at org.openqa.selenium.remote.RemoteWebDriver.findElementById(RemoteWebDriver.java:393)
	at org.openqa.selenium.By$ById.findElement(By.java:214)
	at org.openqa.selenium.remote.RemoteWebDriver.findElement(RemoteWebDriver.java:344)
	at org.openqa.selenium.support.pagefactory.DefaultElementLocator.findElement(DefaultElementLocator.java:59)
	at org.openqa.selenium.support.pagefactory.internal.LocatingElementHandler.invoke(LocatingElementHandler.java:37)
	at com.sun.proxy.$Proxy8.sendKeys(Unknown Source)
	at com.crm.BusinessLib.CommonLib.LogIn(CommonLib.java:20)
	at com.crm.MarketingandsalesTest.LeadTest.Login(LeadTest.java:56)
	at sun.reflect.NativeMethodAccessorImpl.invoke0(Native Method)
	at sun.reflect.NativeMethodAccessorImpl.invoke(Unknown Source)
	at sun.reflect.DelegatingMethodAccessorImpl.invoke(Unknown Source)
	at java.lang.reflect.Method.invoke(Unknown Source)
	at org.testng.internal.MethodInvocationHelper.invokeMethod(MethodInvocationHelper.java:84)
	at org.testng.internal.Invoker.invokeConfigurationMethod(Invoker.java:564)
	at org.testng.internal.Invoker.invokeConfigurations(Invoker.java:213)
	at org.testng.internal.Invoker.invokeMethod(Invoker.java:653)
	at org.testng.internal.Invoker.invokeTestMethod(Invoker.java:901)
	at org.testng.internal.Invoker.invokeTestMethods(Invoker.java:1231)
	at org.testng.internal.TestMethodWorker.invokeTestMethods(TestMethodWorker.java:127)
	at org.testng.internal.TestMethodWorker.run(TestMethodWorker.java:111)
	at org.testng.TestRunner.privateRun(TestRunner.java:767)
	at org.testng.TestRunner.run(TestRunner.java:617)
	at org.testng.SuiteRunner.runTest(SuiteRunner.java:334)
	at org.testng.SuiteRunner.runSequentially(SuiteRunner.java:329)
	at org.testng.SuiteRunner.privateRun(SuiteRunner.java:291)
	at org.testng.SuiteRunner.run(SuiteRunner.java:240)
	at org.testng.SuiteRunnerWorker.runSuite(SuiteRunnerWorker.java:52)
	at org.testng.SuiteRunnerWorker.run(SuiteRunnerWorker.java:86)
	at org.testng.TestNG.runSuitesSequentially(TestNG.java:1224)
	at org.testng.TestNG.runSuitesLocally(TestNG.java:1149)
	at org.testng.TestNG.run(TestNG.java:1057)
	at org.testng.remote.RemoteTestNG.run(RemoteTestNG.java:111)
	at org.testng.remote.RemoteTestNG.initAndRun(RemoteTestNG.java:204)
	at org.testng.remote.RemoteTestNG.main(RemoteTestNG.java:175)
Caused by: org.apache.http.conn.HttpHostConnectException: Connect to 127.0.0.1:7056 [/127.0.0.1] failed: Connection refused: connect
	at org.apache.http.impl.conn.HttpClientConnectionOperator.connect(HttpClientConnectionOperator.java:142)
	at org.apache.http.impl.conn.PoolingHttpClientConnectionManager.connect(PoolingHttpClientConnectionManager.java:319)
	at org.apache.http.impl.execchain.MainClientExec.establishRoute(MainClientExec.java:363)
	at org.apache.http.impl.execchain.MainClientExec.execute(MainClientExec.java:219)
	at org.apache.http.impl.execchain.ProtocolExec.execute(ProtocolExec.java:195)
	at org.apache.http.impl.execchain.RetryExec.execute(RetryExec.java:86)
	at org.apache.http.impl.execchain.RedirectExec.execute(RedirectExec.java:108)
	at org.apache.http.impl.client.InternalHttpClient.doExecute(InternalHttpClient.java:184)
	at org.apache.http.impl.client.CloseableHttpClient.execute(CloseableHttpClient.java:72)
	at org.apache.http.impl.client.CloseableHttpClient.execute(CloseableHttpClient.java:57)
	at org.openqa.selenium.remote.internal.ApacheHttpClient.fallBackExecute(ApacheHttpClient.java:126)
	at org.openqa.selenium.remote.internal.ApacheHttpClient.execute(ApacheHttpClient.java:72)
	at org.openqa.selenium.remote.HttpCommandExecutor.execute(HttpCommandExecutor.java:133)
	at org.openqa.selenium.firefox.internal.NewProfileExtensionConnection.execute(NewProfileExtensionConnection.java:165)
	at org.openqa.selenium.firefox.FirefoxDriver$LazyCommandExecutor.execute(FirefoxDriver.java:362)
	at org.openqa.selenium.remote.RemoteWebDriver.execute(RemoteWebDriver.java:572)
	... 35 more
Caused by: java.net.ConnectException: Connection refused: connect
	at java.net.DualStackPlainSocketImpl.waitForConnect(Native Method)
	at java.net.DualStackPlainSocketImpl.socketConnect(Unknown Source)
	at java.net.AbstractPlainSocketImpl.doConnect(Unknown Source)
	at java.net.AbstractPlainSocketImpl.connectToAddress(Unknown Source)
	at java.net.AbstractPlainSocketImpl.connect(Unknown Source)
	at java.net.PlainSocketImpl.connect(Unknown Source)
	at java.net.SocksSocketImpl.connect(Unknown Source)
	at java.net.Socket.connect(Unknown Source)
	at org.apache.http.conn.socket.PlainConnectionSocketFactory.connectSocket(PlainConnectionSocketFactory.java:72)
	at org.apache.http.impl.conn.HttpClientConnectionOperator.connect(HttpClientConnectionOperator.java:125)
	... 50 more
</pre></div></td>
<td>0</td>
<td>com.crm.MarketingandsalesTest.LeadTest@b5cdba</td></tr>
<tr>
<td title='com.crm.MarketingandsalesTest.ContactTest.Login()'><b>Login</b><br>Test class: com.crm.MarketingandsalesTest.ContactTest</td>
<td><div><pre>org.openqa.selenium.remote.UnreachableBrowserException: Error communicating with the remote browser. It may have died.
Build info: version: &apos;2.45.0&apos;, revision: &apos;32a636c&apos;, time: &apos;2015-03-05 22:01:35&apos;
System info: host: &apos;ANKIT-PC&apos;, ip: &apos;10.0.0.12&apos;, os.name: &apos;Windows 7&apos;, os.arch: &apos;x86&apos;, os.version: &apos;6.1&apos;, java.version: &apos;1.8.0_40&apos;
Driver info: driver.version: RemoteWebDriver
	at org.openqa.selenium.remote.RemoteWebDriver.execute(RemoteWebDriver.java:593)
	at org.openqa.selenium.remote.RemoteWebDriver.findElement(RemoteWebDriver.java:352)
	at org.openqa.selenium.remote.RemoteWebDriver.findElementById(RemoteWebDriver.java:393)
	at org.openqa.selenium.By$ById.findElement(By.java:214)
	at org.openqa.selenium.remote.RemoteWebDriver.findElement(RemoteWebDriver.java:344)
	at org.openqa.selenium.support.pagefactory.DefaultElementLocator.findElement(DefaultElementLocator.java:59)
	at org.openqa.selenium.support.pagefactory.internal.LocatingElementHandler.invoke(LocatingElementHandler.java:37)
	at com.sun.proxy.$Proxy8.sendKeys(Unknown Source)
	at com.crm.BusinessLib.CommonLib.LogIn(CommonLib.java:20)
	at com.crm.MarketingandsalesTest.ContactTest.Login(ContactTest.java:53)
Caused by: org.apache.http.conn.HttpHostConnectException: Connect to 127.0.0.1:7057 [/127.0.0.1] failed: Connection refused: connect
	at org.apache.http.impl.conn.HttpClientConnectionOperator.connect(HttpClientConnectionOperator.java:142)
	at org.apache.http.impl.conn.PoolingHttpClientConnectionManager.connect(PoolingHttpClientConnectionManager.java:319)
	at org.apache.http.impl.execchain.MainClientExec.establishRoute(MainClientExec.java:363)
	at org.apache.http.impl.execchain.MainClientExec.execute(MainClientExec.java:219)
	at org.apache.http.impl.execchain.ProtocolExec.execute(ProtocolExec.java:195)
	at org.apache.http.impl.execchain.RetryExec.execute(RetryExec.java:86)
	at org.apache.http.impl.execchain.RedirectExec.execute(RedirectExec.java:108)
	at org.apache.http.impl.client.InternalHttpClient.doExecute(InternalHttpClient.java:184)
	at org.apache.http.impl.client.CloseableHttpClient.execute(CloseableHttpClient.java:72)
	at org.apache.http.impl.client.CloseableHttpClient.execute(CloseableHttpClient.java:57)
	at org.openqa.selenium.remote.internal.ApacheHttpClient.fallBackExecute(ApacheHttpClient.java:126)
	at org.openqa.selenium.remote.internal.ApacheHttpClient.execute(ApacheHttpClient.java:72)
	at org.openqa.selenium.remote.HttpCommandExecutor.execute(HttpCommandExecutor.java:133)
	at org.openqa.selenium.firefox.internal.NewProfileExtensionConnection.execute(NewProfileExtensionConnection.java:165)
	at org.openqa.selenium.firefox.FirefoxDriver$LazyCommandExecutor.execute(FirefoxDriver.java:362)
	at org.openqa.selenium.remote.RemoteWebDriver.execute(RemoteWebDriver.java:572)
	... 35 more
Caused by: java.net.ConnectException: Connection refused: connect
	at java.net.DualStackPlainSocketImpl.waitForConnect(Native Method)
	at java.net.DualStackPlainSocketImpl.socketConnect(Unknown Source)
	at java.net.AbstractPlainSocketImpl.doConnect(Unknown Source)
	at java.net.AbstractPlainSocketImpl.connectToAddress(Unknown Source)
	at java.net.AbstractPlainSocketImpl.connect(Unknown Source)
	at java.net.PlainSocketImpl.connect(Unknown Source)
	at java.net.SocksSocketImpl.connect(Unknown Source)
	at java.net.Socket.connect(Unknown Source)
	at org.apache.http.conn.socket.PlainConnectionSocketFactory.connectSocket(PlainConnectionSocketFactory.java:72)
	at org.apache.http.impl.conn.HttpClientConnectionOperator.connect(HttpClientConnectionOperator.java:125)
	... 50 more
... Removed 26 stack frames</pre></div><a href='#' onClick='toggleBox("stack-trace25132007", this, "Click to show all stack frames", "Click to hide stack frames")'>Click to show all stack frames</a>
<div class='stack-trace' id='stack-trace25132007'><pre>org.openqa.selenium.remote.UnreachableBrowserException: Error communicating with the remote browser. It may have died.
Build info: version: &apos;2.45.0&apos;, revision: &apos;32a636c&apos;, time: &apos;2015-03-05 22:01:35&apos;
System info: host: &apos;ANKIT-PC&apos;, ip: &apos;10.0.0.12&apos;, os.name: &apos;Windows 7&apos;, os.arch: &apos;x86&apos;, os.version: &apos;6.1&apos;, java.version: &apos;1.8.0_40&apos;
Driver info: driver.version: RemoteWebDriver
	at org.openqa.selenium.remote.RemoteWebDriver.execute(RemoteWebDriver.java:593)
	at org.openqa.selenium.remote.RemoteWebDriver.findElement(RemoteWebDriver.java:352)
	at org.openqa.selenium.remote.RemoteWebDriver.findElementById(RemoteWebDriver.java:393)
	at org.openqa.selenium.By$ById.findElement(By.java:214)
	at org.openqa.selenium.remote.RemoteWebDriver.findElement(RemoteWebDriver.java:344)
	at org.openqa.selenium.support.pagefactory.DefaultElementLocator.findElement(DefaultElementLocator.java:59)
	at org.openqa.selenium.support.pagefactory.internal.LocatingElementHandler.invoke(LocatingElementHandler.java:37)
	at com.sun.proxy.$Proxy8.sendKeys(Unknown Source)
	at com.crm.BusinessLib.CommonLib.LogIn(CommonLib.java:20)
	at com.crm.MarketingandsalesTest.ContactTest.Login(ContactTest.java:53)
	at sun.reflect.NativeMethodAccessorImpl.invoke0(Native Method)
	at sun.reflect.NativeMethodAccessorImpl.invoke(Unknown Source)
	at sun.reflect.DelegatingMethodAccessorImpl.invoke(Unknown Source)
	at java.lang.reflect.Method.invoke(Unknown Source)
	at org.testng.internal.MethodInvocationHelper.invokeMethod(MethodInvocationHelper.java:84)
	at org.testng.internal.Invoker.invokeConfigurationMethod(Invoker.java:564)
	at org.testng.internal.Invoker.invokeConfigurations(Invoker.java:213)
	at org.testng.internal.Invoker.invokeMethod(Invoker.java:653)
	at org.testng.internal.Invoker.invokeTestMethod(Invoker.java:901)
	at org.testng.internal.Invoker.invokeTestMethods(Invoker.java:1231)
	at org.testng.internal.TestMethodWorker.invokeTestMethods(TestMethodWorker.java:127)
	at org.testng.internal.TestMethodWorker.run(TestMethodWorker.java:111)
	at org.testng.TestRunner.privateRun(TestRunner.java:767)
	at org.testng.TestRunner.run(TestRunner.java:617)
	at org.testng.SuiteRunner.runTest(SuiteRunner.java:334)
	at org.testng.SuiteRunner.runSequentially(SuiteRunner.java:329)
	at org.testng.SuiteRunner.privateRun(SuiteRunner.java:291)
	at org.testng.SuiteRunner.run(SuiteRunner.java:240)
	at org.testng.SuiteRunnerWorker.runSuite(SuiteRunnerWorker.java:52)
	at org.testng.SuiteRunnerWorker.run(SuiteRunnerWorker.java:86)
	at org.testng.TestNG.runSuitesSequentially(TestNG.java:1224)
	at org.testng.TestNG.runSuitesLocally(TestNG.java:1149)
	at org.testng.TestNG.run(TestNG.java:1057)
	at org.testng.remote.RemoteTestNG.run(RemoteTestNG.java:111)
	at org.testng.remote.RemoteTestNG.initAndRun(RemoteTestNG.java:204)
	at org.testng.remote.RemoteTestNG.main(RemoteTestNG.java:175)
Caused by: org.apache.http.conn.HttpHostConnectException: Connect to 127.0.0.1:7057 [/127.0.0.1] failed: Connection refused: connect
	at org.apache.http.impl.conn.HttpClientConnectionOperator.connect(HttpClientConnectionOperator.java:142)
	at org.apache.http.impl.conn.PoolingHttpClientConnectionManager.connect(PoolingHttpClientConnectionManager.java:319)
	at org.apache.http.impl.execchain.MainClientExec.establishRoute(MainClientExec.java:363)
	at org.apache.http.impl.execchain.MainClientExec.execute(MainClientExec.java:219)
	at org.apache.http.impl.execchain.ProtocolExec.execute(ProtocolExec.java:195)
	at org.apache.http.impl.execchain.RetryExec.execute(RetryExec.java:86)
	at org.apache.http.impl.execchain.RedirectExec.execute(RedirectExec.java:108)
	at org.apache.http.impl.client.InternalHttpClient.doExecute(InternalHttpClient.java:184)
	at org.apache.http.impl.client.CloseableHttpClient.execute(CloseableHttpClient.java:72)
	at org.apache.http.impl.client.CloseableHttpClient.execute(CloseableHttpClient.java:57)
	at org.openqa.selenium.remote.internal.ApacheHttpClient.fallBackExecute(ApacheHttpClient.java:126)
	at org.openqa.selenium.remote.internal.ApacheHttpClient.execute(ApacheHttpClient.java:72)
	at org.openqa.selenium.remote.HttpCommandExecutor.execute(HttpCommandExecutor.java:133)
	at org.openqa.selenium.firefox.internal.NewProfileExtensionConnection.execute(NewProfileExtensionConnection.java:165)
	at org.openqa.selenium.firefox.FirefoxDriver$LazyCommandExecutor.execute(FirefoxDriver.java:362)
	at org.openqa.selenium.remote.RemoteWebDriver.execute(RemoteWebDriver.java:572)
	... 35 more
Caused by: java.net.ConnectException: Connection refused: connect
	at java.net.DualStackPlainSocketImpl.waitForConnect(Native Method)
	at java.net.DualStackPlainSocketImpl.socketConnect(Unknown Source)
	at java.net.AbstractPlainSocketImpl.doConnect(Unknown Source)
	at java.net.AbstractPlainSocketImpl.connectToAddress(Unknown Source)
	at java.net.AbstractPlainSocketImpl.connect(Unknown Source)
	at java.net.PlainSocketImpl.connect(Unknown Source)
	at java.net.SocksSocketImpl.connect(Unknown Source)
	at java.net.Socket.connect(Unknown Source)
	at org.apache.http.conn.socket.PlainConnectionSocketFactory.connectSocket(PlainConnectionSocketFactory.java:72)
	at org.apache.http.impl.conn.HttpClientConnectionOperator.connect(HttpClientConnectionOperator.java:125)
	... 50 more
</pre></div></td>
<td>0</td>
<td>com.crm.MarketingandsalesTest.ContactTest@39699c</td></tr>
</table><p>
<table width='100%' border='1' class='invocation-skipped'>
<tr><td colspan='4' align='center'><b>SKIPPED CONFIGURATIONS</b></td></tr>
<tr><td><b>Test method</b></td>
<td width="30%"><b>Exception</b></td>
<td width="10%"><b>Time (seconds)</b></td>
<td><b>Instance</b></td>
</tr>
<tr>
<td title='com.crm.MarketingandsalesTest.OrganizationTest.Login()'><b>Login</b><br>Test class: com.crm.MarketingandsalesTest.OrganizationTest</td>
<td></td>
<td>0</td>
<td>com.crm.MarketingandsalesTest.OrganizationTest@1bc7afb</td></tr>
<tr>
<td title='com.crm.MarketingandsalesTest.LeadTest.Login()'><b>Login</b><br>Test class: com.crm.MarketingandsalesTest.LeadTest</td>
<td></td>
<td>0</td>
<td>com.crm.MarketingandsalesTest.LeadTest@b5cdba</td></tr>
<tr>
<td title='com.crm.MarketingandsalesTest.ContactTest.Login()'><b>Login</b><br>Test class: com.crm.MarketingandsalesTest.ContactTest</td>
<td></td>
<td>0</td>
<td>com.crm.MarketingandsalesTest.ContactTest@39699c</td></tr>
<tr>
<td title='com.crm.MarketingandsalesTest.LeadTest.Login()'><b>Login</b><br>Test class: com.crm.MarketingandsalesTest.LeadTest</td>
<td></td>
<td>0</td>
<td>com.crm.MarketingandsalesTest.LeadTest@b5cdba</td></tr>
<tr>
<td title='com.crm.MarketingandsalesTest.ContactTest.Login()'><b>Login</b><br>Test class: com.crm.MarketingandsalesTest.ContactTest</td>
<td></td>
<td>0</td>
<td>com.crm.MarketingandsalesTest.ContactTest@39699c</td></tr>
<tr>
<td title='com.crm.MarketingandsalesTest.OrganizationTest.logout()'><b>logout</b><br>Test class: com.crm.MarketingandsalesTest.OrganizationTest</td>
<td></td>
<td>0</td>
<td>com.crm.MarketingandsalesTest.OrganizationTest@1bc7afb</td></tr>
<tr>
<td title='com.crm.MarketingandsalesTest.LeadTest.logout()'><b>logout</b><br>Test class: com.crm.MarketingandsalesTest.LeadTest</td>
<td></td>
<td>0</td>
<td>com.crm.MarketingandsalesTest.LeadTest@b5cdba</td></tr>
<tr>
<td title='com.crm.MarketingandsalesTest.ContactTest.logout()'><b>logout</b><br>Test class: com.crm.MarketingandsalesTest.ContactTest</td>
<td></td>
<td>0</td>
<td>com.crm.MarketingandsalesTest.ContactTest@39699c</td></tr>
<tr>
<td title='com.crm.MarketingandsalesTest.OrganizationTest.logout()'><b>logout</b><br>Test class: com.crm.MarketingandsalesTest.OrganizationTest</td>
<td></td>
<td>0</td>
<td>com.crm.MarketingandsalesTest.OrganizationTest@1bc7afb</td></tr>
<tr>
<td title='com.crm.MarketingandsalesTest.LeadTest.logout()'><b>logout</b><br>Test class: com.crm.MarketingandsalesTest.LeadTest</td>
<td></td>
<td>0</td>
<td>com.crm.MarketingandsalesTest.LeadTest@b5cdba</td></tr>
<tr>
<td title='com.crm.MarketingandsalesTest.ContactTest.logout()'><b>logout</b><br>Test class: com.crm.MarketingandsalesTest.ContactTest</td>
<td></td>
<td>0</td>
<td>com.crm.MarketingandsalesTest.ContactTest@39699c</td></tr>
<tr>
<td title='com.crm.MarketingandsalesTest.LeadTest.logout()'><b>logout</b><br>Test class: com.crm.MarketingandsalesTest.LeadTest</td>
<td></td>
<td>0</td>
<td>com.crm.MarketingandsalesTest.LeadTest@b5cdba</td></tr>
<tr>
<td title='com.crm.MarketingandsalesTest.ContactTest.logout()'><b>logout</b><br>Test class: com.crm.MarketingandsalesTest.ContactTest</td>
<td></td>
<td>0</td>
<td>com.crm.MarketingandsalesTest.ContactTest@39699c</td></tr>
<tr>
<td title='com.crm.MarketingandsalesTest.OrganizationTest.ConfigAftrClass()'><b>ConfigAftrClass</b><br>Test class: com.crm.MarketingandsalesTest.OrganizationTest</td>
<td></td>
<td>0</td>
<td>com.crm.MarketingandsalesTest.OrganizationTest@1bc7afb</td></tr>
<tr>
<td title='com.crm.MarketingandsalesTest.LeadTest.Config()'><b>Config</b><br>Test class: com.crm.MarketingandsalesTest.LeadTest</td>
<td></td>
<td>0</td>
<td>com.crm.MarketingandsalesTest.LeadTest@b5cdba</td></tr>
<tr>
<td title='com.crm.MarketingandsalesTest.ContactTest.ConfigAftrClass()'><b>ConfigAftrClass</b><br>Test class: com.crm.MarketingandsalesTest.ContactTest</td>
<td></td>
<td>0</td>
<td>com.crm.MarketingandsalesTest.ContactTest@39699c</td></tr>
</table><p>
<table width='100%' border='1' class='invocation-failed'>
<tr><td colspan='4' align='center'><b>FAILED TESTS</b></td></tr>
<tr><td><b>Test method</b></td>
<td width="30%"><b>Exception</b></td>
<td width="10%"><b>Time (seconds)</b></td>
<td><b>Instance</b></td>
</tr>
<tr>
<td title='com.crm.MarketingandsalesTest.OrganizationTest.CreateOrganizationTest()'><b>CreateOrganizationTest</b><br>Test class: com.crm.MarketingandsalesTest.OrganizationTest</td>
<td><div><pre>org.openqa.selenium.NoSuchElementException: Unable to locate element: {&quot;method&quot;:&quot;xpath&quot;,&quot;selector&quot;:&quot;//div[@class=&apos;contentHeader row-fluid&apos;]//span/button/strong&quot;}
Command duration or timeout: 29.27 seconds
For documentation on this error, please visit: http://seleniumhq.org/exceptions/no_such_element.html
Build info: version: &apos;2.45.0&apos;, revision: &apos;32a636c&apos;, time: &apos;2015-03-05 22:01:35&apos;
System info: host: &apos;ANKIT-PC&apos;, ip: &apos;10.0.0.12&apos;, os.name: &apos;Windows 7&apos;, os.arch: &apos;x86&apos;, os.version: &apos;6.1&apos;, java.version: &apos;1.8.0_40&apos;
Driver info: org.openqa.selenium.firefox.FirefoxDriver
Capabilities [{applicationCacheEnabled=true, rotatable=false, handlesAlerts=true, databaseEnabled=true, version=31.0, platform=WINDOWS, nativeEvents=true, acceptSslCerts=true, webStorageEnabled=true, locationContextEnabled=true, browserName=firefox, takesScreenshot=true, javascriptEnabled=true, cssSelectorsEnabled=true}]
Session ID: 320e82b1-eff1-47e0-9b82-431b454194f2
*** Element info: {Using=xpath, value=//div[@class=&apos;contentHeader row-fluid&apos;]//span/button/strong}
	at org.openqa.selenium.remote.ErrorHandler.createThrowable(ErrorHandler.java:204)
	at org.openqa.selenium.remote.ErrorHandler.throwIfResponseFailed(ErrorHandler.java:156)
	at org.openqa.selenium.remote.RemoteWebDriver.execute(RemoteWebDriver.java:599)
	at org.openqa.selenium.remote.RemoteWebDriver.findElement(RemoteWebDriver.java:352)
	at org.openqa.selenium.remote.RemoteWebDriver.findElementByXPath(RemoteWebDriver.java:449)
	at org.openqa.selenium.By$ByXPath.findElement(By.java:357)
	at org.openqa.selenium.remote.RemoteWebDriver.findElement(RemoteWebDriver.java:344)
	at org.openqa.selenium.support.pagefactory.DefaultElementLocator.findElement(DefaultElementLocator.java:59)
	at org.openqa.selenium.support.pagefactory.internal.LocatingElementHandler.invoke(LocatingElementHandler.java:37)
	at com.sun.proxy.$Proxy8.click(Unknown Source)
	at com.crm.BusinessLib.Organizationlib.CreateOrganization(Organizationlib.java:35)
	at com.crm.MarketingandsalesTest.OrganizationTest.CreateOrganizationTest(OrganizationTest.java:62)
Caused by: org.openqa.selenium.NoSuchElementException: Unable to locate element: {&quot;method&quot;:&quot;xpath&quot;,&quot;selector&quot;:&quot;//div[@class=&apos;contentHeader row-fluid&apos;]//span/button/strong&quot;}
For documentation on this error, please visit: http://seleniumhq.org/exceptions/no_such_element.html
Build info: version: &apos;2.45.0&apos;, revision: &apos;32a636c&apos;, time: &apos;2015-03-05 22:01:35&apos;
System info: host: &apos;ANKIT-PC&apos;, ip: &apos;10.0.0.12&apos;, os.name: &apos;Windows 7&apos;, os.arch: &apos;x86&apos;, os.version: &apos;6.1&apos;, java.version: &apos;1.8.0_40&apos;
Driver info: driver.version: unknown
	at &lt;anonymous class&gt;.FirefoxDriver.prototype.findElementInternal_(file:///C:/Users/ANKIT/AppData/Local/Temp/anonymous6177441281608202752webdriver-profile/extensions/fxdriver@googlecode.com/components/driver-component.js:10271)
	at &lt;anonymous class&gt;.fxdriver.Timer.prototype.setTimeout/&lt;.notify(file:///C:/Users/ANKIT/AppData/Local/Temp/anonymous6177441281608202752webdriver-profile/extensions/fxdriver@googlecode.com/components/driver-component.js:603)
... Removed 28 stack frames</pre></div><a href='#' onClick='toggleBox("stack-trace33514690", this, "Click to show all stack frames", "Click to hide stack frames")'>Click to show all stack frames</a>
<div class='stack-trace' id='stack-trace33514690'><pre>org.openqa.selenium.NoSuchElementException: Unable to locate element: {&quot;method&quot;:&quot;xpath&quot;,&quot;selector&quot;:&quot;//div[@class=&apos;contentHeader row-fluid&apos;]//span/button/strong&quot;}
Command duration or timeout: 29.27 seconds
For documentation on this error, please visit: http://seleniumhq.org/exceptions/no_such_element.html
Build info: version: &apos;2.45.0&apos;, revision: &apos;32a636c&apos;, time: &apos;2015-03-05 22:01:35&apos;
System info: host: &apos;ANKIT-PC&apos;, ip: &apos;10.0.0.12&apos;, os.name: &apos;Windows 7&apos;, os.arch: &apos;x86&apos;, os.version: &apos;6.1&apos;, java.version: &apos;1.8.0_40&apos;
Driver info: org.openqa.selenium.firefox.FirefoxDriver
Capabilities [{applicationCacheEnabled=true, rotatable=false, handlesAlerts=true, databaseEnabled=true, version=31.0, platform=WINDOWS, nativeEvents=true, acceptSslCerts=true, webStorageEnabled=true, locationContextEnabled=true, browserName=firefox, takesScreenshot=true, javascriptEnabled=true, cssSelectorsEnabled=true}]
Session ID: 320e82b1-eff1-47e0-9b82-431b454194f2
*** Element info: {Using=xpath, value=//div[@class=&apos;contentHeader row-fluid&apos;]//span/button/strong}
	at sun.reflect.NativeConstructorAccessorImpl.newInstance0(Native Method)
	at sun.reflect.NativeConstructorAccessorImpl.newInstance(Unknown Source)
	at sun.reflect.DelegatingConstructorAccessorImpl.newInstance(Unknown Source)
	at java.lang.reflect.Constructor.newInstance(Unknown Source)
	at org.openqa.selenium.remote.ErrorHandler.createThrowable(ErrorHandler.java:204)
	at org.openqa.selenium.remote.ErrorHandler.throwIfResponseFailed(ErrorHandler.java:156)
	at org.openqa.selenium.remote.RemoteWebDriver.execute(RemoteWebDriver.java:599)
	at org.openqa.selenium.remote.RemoteWebDriver.findElement(RemoteWebDriver.java:352)
	at org.openqa.selenium.remote.RemoteWebDriver.findElementByXPath(RemoteWebDriver.java:449)
	at org.openqa.selenium.By$ByXPath.findElement(By.java:357)
	at org.openqa.selenium.remote.RemoteWebDriver.findElement(RemoteWebDriver.java:344)
	at org.openqa.selenium.support.pagefactory.DefaultElementLocator.findElement(DefaultElementLocator.java:59)
	at org.openqa.selenium.support.pagefactory.internal.LocatingElementHandler.invoke(LocatingElementHandler.java:37)
	at com.sun.proxy.$Proxy8.click(Unknown Source)
	at com.crm.BusinessLib.Organizationlib.CreateOrganization(Organizationlib.java:35)
	at com.crm.MarketingandsalesTest.OrganizationTest.CreateOrganizationTest(OrganizationTest.java:62)
	at sun.reflect.NativeMethodAccessorImpl.invoke0(Native Method)
	at sun.reflect.NativeMethodAccessorImpl.invoke(Unknown Source)
	at sun.reflect.DelegatingMethodAccessorImpl.invoke(Unknown Source)
	at java.lang.reflect.Method.invoke(Unknown Source)
	at org.testng.internal.MethodInvocationHelper.invokeMethod(MethodInvocationHelper.java:84)
	at org.testng.internal.Invoker.invokeMethod(Invoker.java:714)
	at org.testng.internal.Invoker.invokeTestMethod(Invoker.java:901)
	at org.testng.internal.Invoker.invokeTestMethods(Invoker.java:1231)
	at org.testng.internal.TestMethodWorker.invokeTestMethods(TestMethodWorker.java:127)
	at org.testng.internal.TestMethodWorker.run(TestMethodWorker.java:111)
	at org.testng.TestRunner.privateRun(TestRunner.java:767)
	at org.testng.TestRunner.run(TestRunner.java:617)
	at org.testng.SuiteRunner.runTest(SuiteRunner.java:334)
	at org.testng.SuiteRunner.runSequentially(SuiteRunner.java:329)
	at org.testng.SuiteRunner.privateRun(SuiteRunner.java:291)
	at org.testng.SuiteRunner.run(SuiteRunner.java:240)
	at org.testng.SuiteRunnerWorker.runSuite(SuiteRunnerWorker.java:52)
	at org.testng.SuiteRunnerWorker.run(SuiteRunnerWorker.java:86)
	at org.testng.TestNG.runSuitesSequentially(TestNG.java:1224)
	at org.testng.TestNG.runSuitesLocally(TestNG.java:1149)
	at org.testng.TestNG.run(TestNG.java:1057)
	at org.testng.remote.RemoteTestNG.run(RemoteTestNG.java:111)
	at org.testng.remote.RemoteTestNG.initAndRun(RemoteTestNG.java:204)
	at org.testng.remote.RemoteTestNG.main(RemoteTestNG.java:175)
Caused by: org.openqa.selenium.NoSuchElementException: Unable to locate element: {&quot;method&quot;:&quot;xpath&quot;,&quot;selector&quot;:&quot;//div[@class=&apos;contentHeader row-fluid&apos;]//span/button/strong&quot;}
For documentation on this error, please visit: http://seleniumhq.org/exceptions/no_such_element.html
Build info: version: &apos;2.45.0&apos;, revision: &apos;32a636c&apos;, time: &apos;2015-03-05 22:01:35&apos;
System info: host: &apos;ANKIT-PC&apos;, ip: &apos;10.0.0.12&apos;, os.name: &apos;Windows 7&apos;, os.arch: &apos;x86&apos;, os.version: &apos;6.1&apos;, java.version: &apos;1.8.0_40&apos;
Driver info: driver.version: unknown
	at &lt;anonymous class&gt;.FirefoxDriver.prototype.findElementInternal_(file:///C:/Users/ANKIT/AppData/Local/Temp/anonymous6177441281608202752webdriver-profile/extensions/fxdriver@googlecode.com/components/driver-component.js:10271)
	at &lt;anonymous class&gt;.fxdriver.Timer.prototype.setTimeout/&lt;.notify(file:///C:/Users/ANKIT/AppData/Local/Temp/anonymous6177441281608202752webdriver-profile/extensions/fxdriver@googlecode.com/components/driver-component.js:603)
</pre></div></td>
<td>78</td>
<td>com.crm.MarketingandsalesTest.OrganizationTest@1bc7afb</td></tr>
</table><p>
<table width='100%' border='1' class='invocation-passed'>
<tr><td colspan='4' align='center'><b>PASSED TESTS</b></td></tr>
<tr><td><b>Test method</b></td>
<td width="30%"><b>Exception</b></td>
<td width="10%"><b>Time (seconds)</b></td>
<td><b>Instance</b></td>
</tr>
<tr>
<td title='com.crm.MarketingandsalesTest.CompaignsTest.CreateCampaign()'><b>CreateCampaign</b><br>Test class: com.crm.MarketingandsalesTest.CompaignsTest</td>
<td></td>
<td>103</td>
<td>com.crm.MarketingandsalesTest.CompaignsTest@8d66b2</td></tr>
<tr>
<td title='com.crm.MarketingandsalesTest.ContactTest.CreateContactTest()'><b>CreateContactTest</b><br>Test class: com.crm.MarketingandsalesTest.ContactTest</td>
<td></td>
<td>57</td>
<td>com.crm.MarketingandsalesTest.ContactTest@39699c</td></tr>
<tr>
<td title='com.crm.MarketingandsalesTest.LeadTest.Createlead()'><b>Createlead</b><br>Test class: com.crm.MarketingandsalesTest.LeadTest</td>
<td></td>
<td>42</td>
<td>com.crm.MarketingandsalesTest.LeadTest@b5cdba</td></tr>
<tr>
<td title='com.crm.MarketingandsalesTest.CompaignsTest.DeleteCampaigns()'><b>DeleteCampaigns</b><br>Test class: com.crm.MarketingandsalesTest.CompaignsTest</td>
<td></td>
<td>113</td>
<td>com.crm.MarketingandsalesTest.CompaignsTest@8d66b2</td></tr>
<tr>
<td title='com.crm.MarketingandsalesTest.CompaignsTest.ModifyCampaigns()'><b>ModifyCampaigns</b><br>Test class: com.crm.MarketingandsalesTest.CompaignsTest</td>
<td></td>
<td>118</td>
<td>com.crm.MarketingandsalesTest.CompaignsTest@8d66b2</td></tr>
</table><p>
<table width='100%' border='1' class='invocation-skipped'>
<tr><td colspan='4' align='center'><b>SKIPPED TESTS</b></td></tr>
<tr><td><b>Test method</b></td>
<td width="30%"><b>Exception</b></td>
<td width="10%"><b>Time (seconds)</b></td>
<td><b>Instance</b></td>
</tr>
<tr>
<td title='com.crm.MarketingandsalesTest.OrganizationTest.AddOrganizationDocumentTest()'><b>AddOrganizationDocumentTest</b><br>Test class: com.crm.MarketingandsalesTest.OrganizationTest</td>
<td></td>
<td>0</td>
<td>com.crm.MarketingandsalesTest.OrganizationTest@1bc7afb</td></tr>
<tr>
<td title='com.crm.MarketingandsalesTest.ContactTest.DeleteContact()'><b>DeleteContact</b><br>Test class: com.crm.MarketingandsalesTest.ContactTest</td>
<td></td>
<td>0</td>
<td>com.crm.MarketingandsalesTest.ContactTest@39699c</td></tr>
<tr>
<td title='com.crm.MarketingandsalesTest.LeadTest.DeleteLead()'><b>DeleteLead</b><br>Test class: com.crm.MarketingandsalesTest.LeadTest</td>
<td></td>
<td>0</td>
<td>com.crm.MarketingandsalesTest.LeadTest@b5cdba</td></tr>
<tr>
<td title='com.crm.MarketingandsalesTest.ContactTest.DuplicateContact()'><b>DuplicateContact</b><br>Test class: com.crm.MarketingandsalesTest.ContactTest</td>
<td></td>
<td>0</td>
<td>com.crm.MarketingandsalesTest.ContactTest@39699c</td></tr>
<tr>
<td title='com.crm.MarketingandsalesTest.LeadTest.DuplicateLead()'><b>DuplicateLead</b><br>Test class: com.crm.MarketingandsalesTest.LeadTest</td>
<td></td>
<td>0</td>
<td>com.crm.MarketingandsalesTest.LeadTest@b5cdba</td></tr>
<tr>
<td title='com.crm.MarketingandsalesTest.ContactTest.ModifyContactTest()'><b>ModifyContactTest</b><br>Test class: com.crm.MarketingandsalesTest.ContactTest</td>
<td></td>
<td>0</td>
<td>com.crm.MarketingandsalesTest.ContactTest@39699c</td></tr>
<tr>
<td title='com.crm.MarketingandsalesTest.LeadTest.ModifyLead()'><b>ModifyLead</b><br>Test class: com.crm.MarketingandsalesTest.LeadTest</td>
<td></td>
<td>0</td>
<td>com.crm.MarketingandsalesTest.LeadTest@b5cdba</td></tr>
<tr>
<td title='com.crm.MarketingandsalesTest.OrganizationTest.ModifyOrganizationTest()'><b>ModifyOrganizationTest</b><br>Test class: com.crm.MarketingandsalesTest.OrganizationTest</td>
<td></td>
<td>0</td>
<td>com.crm.MarketingandsalesTest.OrganizationTest@1bc7afb</td></tr>
</table><p>
</body>
</html>